<?xml version="1.0" encoding="UTF-8"?>
<testsuite name="com.csc.TestFuzzyFinder" tests="2" skipped="0" failures="0" errors="0" timestamp="2024-10-24T19:34:44" hostname="ALEXFORTEL" time="0.019">
  <properties/>
  <testcase name="exampleTestWithRandomizedFuzzies()" classname="com.csc.TestFuzzyFinder" time="0.016"/>
  <testcase name="exampleTestWithSortedFuzzies()" classname="com.csc.TestFuzzyFinder" time="0.001"/>
  <system-out><![CDATA[]]></system-out>
  <system-err><![CDATA[]]></system-err>
</testsuite>
